File does not exist. Skipping model load.
create_mp_metadatacreate_mp_metadata

create_mp_metadata
create_mp_metadata
text_data:  549394
text_data:  549394
text_data:  549394
text_data:  549394
metadata_dict_len:  549394
logit_scale1 torch.Size([])
logit_scale2 torch.Size([])
logit_scale3 torch.Size([])
location_encoder.LocEnc0.capsule.1.weight torch.Size([1024, 512])
location_encoder.LocEnc0.capsule.1.bias torch.Size([1024])
location_encoder.LocEnc0.capsule.3.weight torch.Size([1024, 1024])
location_encoder.LocEnc0.capsule.3.bias torch.Size([1024])
location_encoder.LocEnc0.capsule.5.weight torch.Size([1024, 1024])
location_encoder.LocEnc0.capsule.5.bias torch.Size([1024])
location_encoder.LocEnc0.head.0.weight torch.Size([512, 1024])
location_encoder.LocEnc0.head.0.bias torch.Size([512])
location_encoder.LocEnc1.capsule.1.weight torch.Size([1024, 512])
location_encoder.LocEnc1.capsule.1.bias torch.Size([1024])
location_encoder.LocEnc1.capsule.3.weight torch.Size([1024, 1024])
location_encoder.LocEnc1.capsule.3.bias torch.Size([1024])
location_encoder.LocEnc1.capsule.5.weight torch.Size([1024, 1024])
location_encoder.LocEnc1.capsule.5.bias torch.Size([1024])
location_encoder.LocEnc1.head.0.weight torch.Size([512, 1024])
location_encoder.LocEnc1.head.0.bias torch.Size([512])
location_encoder.LocEnc2.capsule.1.weight torch.Size([1024, 512])
location_encoder.LocEnc2.capsule.1.bias torch.Size([1024])
location_encoder.LocEnc2.capsule.3.weight torch.Size([1024, 1024])
location_encoder.LocEnc2.capsule.3.bias torch.Size([1024])
location_encoder.LocEnc2.capsule.5.weight torch.Size([1024, 1024])
location_encoder.LocEnc2.capsule.5.bias torch.Size([1024])
location_encoder.LocEnc2.head.0.weight torch.Size([512, 1024])
location_encoder.LocEnc2.head.0.bias torch.Size([512])
vision_projection_else_1.0.weight torch.Size([768, 768])
vision_projection_else_1.0.bias torch.Size([768])
vision_projection_else_1.2.weight torch.Size([768, 768])
vision_projection_else_1.2.bias torch.Size([768])
text_projection_else.0.weight torch.Size([768, 768])
text_projection_else.0.bias torch.Size([768])
text_projection_else.2.weight torch.Size([768, 768])
text_projection_else.2.bias torch.Size([768])
vision_projection_else_2.0.weight torch.Size([768, 768])
vision_projection_else_2.0.bias torch.Size([768])
vision_projection_else_2.2.weight torch.Size([768, 768])
vision_projection_else_2.2.bias torch.Size([768])
location_projection_else.0.weight torch.Size([512, 512])
location_projection_else.0.bias torch.Size([512])
location_projection_else.2.weight torch.Size([768, 512])
location_projection_else.2.bias torch.Size([768])
metadata_dict_len:  549394
logit_scale1 torch.Size([])
logit_scale2 torch.Size([])
logit_scale3 torch.Size([])
location_encoder.LocEnc0.capsule.1.weight torch.Size([1024, 512])
location_encoder.LocEnc0.capsule.1.bias torch.Size([1024])
location_encoder.LocEnc0.capsule.3.weight torch.Size([1024, 1024])
location_encoder.LocEnc0.capsule.3.bias torch.Size([1024])
location_encoder.LocEnc0.capsule.5.weight torch.Size([1024, 1024])
location_encoder.LocEnc0.capsule.5.bias torch.Size([1024])
location_encoder.LocEnc0.head.0.weight torch.Size([512, 1024])
location_encoder.LocEnc0.head.0.bias torch.Size([512])
location_encoder.LocEnc1.capsule.1.weight torch.Size([1024, 512])
location_encoder.LocEnc1.capsule.1.bias torch.Size([1024])
location_encoder.LocEnc1.capsule.3.weight torch.Size([1024, 1024])
location_encoder.LocEnc1.capsule.3.bias torch.Size([1024])
location_encoder.LocEnc1.capsule.5.weight torch.Size([1024, 1024])
location_encoder.LocEnc1.capsule.5.bias torch.Size([1024])
location_encoder.LocEnc1.head.0.weight torch.Size([512, 1024])
location_encoder.LocEnc1.head.0.bias torch.Size([512])
location_encoder.LocEnc2.capsule.1.weight torch.Size([1024, 512])
location_encoder.LocEnc2.capsule.1.bias torch.Size([1024])
location_encoder.LocEnc2.capsule.3.weight torch.Size([1024, 1024])
location_encoder.LocEnc2.capsule.3.bias torch.Size([1024])
location_encoder.LocEnc2.capsule.5.weight torch.Size([1024, 1024])
location_encoder.LocEnc2.capsule.5.bias torch.Size([1024])
location_encoder.LocEnc2.head.0.weight torch.Size([512, 1024])
location_encoder.LocEnc2.head.0.bias torch.Size([512])
vision_projection_else_1.0.weight torch.Size([768, 768])
vision_projection_else_1.0.bias torch.Size([768])
vision_projection_else_1.2.weight torch.Size([768, 768])
vision_projection_else_1.2.bias torch.Size([768])
text_projection_else.0.weight torch.Size([768, 768])
text_projection_else.0.bias torch.Size([768])
text_projection_else.2.weight torch.Size([768, 768])
text_projection_else.2.bias torch.Size([768])
vision_projection_else_2.0.weight torch.Size([768, 768])
vision_projection_else_2.0.bias torch.Size([768])
vision_projection_else_2.2.weight torch.Size([768, 768])
vision_projection_else_2.2.bias torch.Size([768])
location_projection_else.0.weight torch.Size([512, 512])
location_projection_else.0.bias torch.Size([512])
location_projection_else.2.weight torch.Size([768, 512])
location_projection_else.2.bias torch.Size([768])
metadata_dict_len:  549394
logit_scale1 torch.Size([])
logit_scale2 torch.Size([])
logit_scale3 torch.Size([])
location_encoder.LocEnc0.capsule.1.weight torch.Size([1024, 512])
location_encoder.LocEnc0.capsule.1.bias torch.Size([1024])
location_encoder.LocEnc0.capsule.3.weight torch.Size([1024, 1024])
location_encoder.LocEnc0.capsule.3.bias torch.Size([1024])
location_encoder.LocEnc0.capsule.5.weight torch.Size([1024, 1024])
location_encoder.LocEnc0.capsule.5.bias torch.Size([1024])
location_encoder.LocEnc0.head.0.weight torch.Size([512, 1024])
location_encoder.LocEnc0.head.0.bias torch.Size([512])
location_encoder.LocEnc1.capsule.1.weight torch.Size([1024, 512])
location_encoder.LocEnc1.capsule.1.bias torch.Size([1024])
location_encoder.LocEnc1.capsule.3.weight torch.Size([1024, 1024])
location_encoder.LocEnc1.capsule.3.bias torch.Size([1024])
location_encoder.LocEnc1.capsule.5.weight torch.Size([1024, 1024])
location_encoder.LocEnc1.capsule.5.bias torch.Size([1024])
location_encoder.LocEnc1.head.0.weight torch.Size([512, 1024])
location_encoder.LocEnc1.head.0.bias torch.Size([512])
location_encoder.LocEnc2.capsule.1.weight torch.Size([1024, 512])
location_encoder.LocEnc2.capsule.1.bias torch.Size([1024])
location_encoder.LocEnc2.capsule.3.weight torch.Size([1024, 1024])
location_encoder.LocEnc2.capsule.3.bias torch.Size([1024])
location_encoder.LocEnc2.capsule.5.weight torch.Size([1024, 1024])
location_encoder.LocEnc2.capsule.5.bias torch.Size([1024])
location_encoder.LocEnc2.head.0.weight torch.Size([512, 1024])
location_encoder.LocEnc2.head.0.bias torch.Size([512])
vision_projection_else_1.0.weight torch.Size([768, 768])
vision_projection_else_1.0.bias torch.Size([768])
vision_projection_else_1.2.weight torch.Size([768, 768])
vision_projection_else_1.2.bias torch.Size([768])
text_projection_else.0.weight torch.Size([768, 768])
text_projection_else.0.bias torch.Size([768])
text_projection_else.2.weight torch.Size([768, 768])
text_projection_else.2.bias torch.Size([768])
vision_projection_else_2.0.weight torch.Size([768, 768])
vision_projection_else_2.0.bias torch.Size([768])
vision_projection_else_2.2.weight torch.Size([768, 768])
vision_projection_else_2.2.bias torch.Size([768])
location_projection_else.0.weight torch.Size([512, 512])
location_projection_else.0.bias torch.Size([512])
location_projection_else.2.weight torch.Size([768, 512])
location_projection_else.2.bias torch.Size([768])
metadata_dict_len:  549394
logit_scale1 torch.Size([])
logit_scale2 torch.Size([])
logit_scale3 torch.Size([])
location_encoder.LocEnc0.capsule.1.weight torch.Size([1024, 512])
location_encoder.LocEnc0.capsule.1.bias torch.Size([1024])
location_encoder.LocEnc0.capsule.3.weight torch.Size([1024, 1024])
location_encoder.LocEnc0.capsule.3.bias torch.Size([1024])
location_encoder.LocEnc0.capsule.5.weight torch.Size([1024, 1024])
location_encoder.LocEnc0.capsule.5.bias torch.Size([1024])
location_encoder.LocEnc0.head.0.weight torch.Size([512, 1024])
location_encoder.LocEnc0.head.0.bias torch.Size([512])
location_encoder.LocEnc1.capsule.1.weight torch.Size([1024, 512])
location_encoder.LocEnc1.capsule.1.bias torch.Size([1024])
location_encoder.LocEnc1.capsule.3.weight torch.Size([1024, 1024])
location_encoder.LocEnc1.capsule.3.bias torch.Size([1024])
location_encoder.LocEnc1.capsule.5.weight torch.Size([1024, 1024])
location_encoder.LocEnc1.capsule.5.bias torch.Size([1024])
location_encoder.LocEnc1.head.0.weight torch.Size([512, 1024])
location_encoder.LocEnc1.head.0.bias torch.Size([512])
location_encoder.LocEnc2.capsule.1.weight torch.Size([1024, 512])
location_encoder.LocEnc2.capsule.1.bias torch.Size([1024])
location_encoder.LocEnc2.capsule.3.weight torch.Size([1024, 1024])
location_encoder.LocEnc2.capsule.3.bias torch.Size([1024])
location_encoder.LocEnc2.capsule.5.weight torch.Size([1024, 1024])
location_encoder.LocEnc2.capsule.5.bias torch.Size([1024])
location_encoder.LocEnc2.head.0.weight torch.Size([512, 1024])
location_encoder.LocEnc2.head.0.bias torch.Size([512])
vision_projection_else_1.0.weight torch.Size([768, 768])
vision_projection_else_1.0.bias torch.Size([768])
vision_projection_else_1.2.weight torch.Size([768, 768])
vision_projection_else_1.2.bias torch.Size([768])
text_projection_else.0.weight torch.Size([768, 768])
text_projection_else.0.bias torch.Size([768])
text_projection_else.2.weight torch.Size([768, 768])
text_projection_else.2.bias torch.Size([768])
vision_projection_else_2.0.weight torch.Size([768, 768])
vision_projection_else_2.0.bias torch.Size([768])
vision_projection_else_2.2.weight torch.Size([768, 768])
vision_projection_else_2.2.bias torch.Size([768])
location_projection_else.0.weight torch.Size([512, 512])
location_projection_else.0.bias torch.Size([512])
location_projection_else.2.weight torch.Size([768, 512])
location_projection_else.2.bias torch.Size([768])
